Arguments: 
  C:\Program Files\nodejs\node.exe C:\Users\Queitz\AppData\Roaming\npm\node_modules\yarn\bin\yarn.js set version from sources --branch 1211

PATH: 
  C:\Users\Queitz\bin;C:\Program Files\Git\mingw64\bin;C:\Program Files\Git\usr\local\bin;C:\Program Files\Git\usr\bin;C:\Program Files\Git\usr\bin;C:\Program Files\Git\mingw64\bin;C:\Program Files\Git\usr\bin;C:\Users\Queitz\bin;C:\Program Files\Common Files\Oracle\Java\javapath;C:\Program Files (x86)\Common Files\Oracle\Java\javapath;C:\Python311\Scripts;C:\Python311;C:\Windows\system32;C:\Windows;C:\Windows\System32\Wbem;C:\Windows\System32\WindowsPowerShell\v1.0;C:\Windows\System32\OpenSSH;C:\Program Files\nodejs;C:\ProgramData\chocolatey\bin;C:\Program Files\Git\cmd;C:\Users\Queitz\AppData\Local\Microsoft\WindowsApps;C:\Users\Queitz\AppData\Roaming\npm;C:\Users\Queitz\AppData\Local\Programs\Microsoft VS Code\bin;C:\Program Files\Git\usr\bin\vendor_perl;C:\Program Files\Git\usr\bin\core_perl

Yarn version: 
  1.22.19

Node version: 
  18.16.0

Platform: 
  win32 x64

Trace: 
  Error: Release not found: from
      at C:\Users\Queitz\AppData\Roaming\npm\node_modules\yarn\lib\cli.js:86358:17
      at Generator.next (<anonymous>)
      at step (C:\Users\Queitz\AppData\Roaming\npm\node_modules\yarn\lib\cli.js:310:30)
      at C:\Users\Queitz\AppData\Roaming\npm\node_modules\yarn\lib\cli.js:321:13
      at process.processTicksAndRejections (node:internal/process/task_queues:95:5)

npm manifest: 
  {
    "name": "kdm",
    "version": "0.1.0",
    "homepage": "http://andrenursetiawan.my.id/",
    "private": true,
    "dependencies": {
      "@testing-library/jest-dom": "^5.17.0",
      "@testing-library/react": "^13.4.0",
      "@testing-library/user-event": "^13.5.0",
      "react": "^18.2.0",
      "react-dom": "^18.2.0",
      "react-icons": "^4.11.0",
      "react-scripts": "5.0.1",
      "react-scroll": "^1.8.9",
      "swiper": "^10.3.0",
      "web-vitals": "^2.1.4"
    },
    "scripts": {
      "start": "react-scripts start",
      "build": "react-scripts build",
      "test": "react-scripts test",
      "eject": "react-scripts eject"
      
    },
    "eslintConfig": {
      "extends": [
        "react-app",
        "react-app/jest"
      ]
    },
    "browserslist": {
      "production": [
        ">0.2%",
        "not dead",
        "not op_mini all"
      ],
      "development": [
        "last 1 chrome version",
        "last 1 firefox version",
        "last 1 safari version"
      ]
    },
    "devDependencies": {
      "gh-pages": "^6.0.0",
      "react-router-dom": "^6.16.0",
      "tailwindcss": "^3.3.3"
    }
  }

yarn manifest: 
  No manifest

Lockfile: 
  No lockfile
